[2017-10-24 16:43:53] local.DEBUG: Message-ID: <141f4fa06cbcf265aaa3d097febb67f4@landing.dev>
Date: Tue, 24 Oct 2017 16:43:53 +0000
Subject: Signup Submitted
From: Example <hello@example.com>
To: me@earth.com
MIME-Version: 1.0
Content-Type: multipart/alternative;
 boundary="_=_swift_1508863433_83893759ed4cdb29360f4595fe83d386_=_"

<!DOCTYPE html PUBLIC "-//W3C//DTD XHTML 1.0 Transitional//EN" "http://www.w3.org/TR/xhtml1/DTD/xhtml1-transitional.dtd">
<html xmlns="http://www.w3.org/1999/xhtml">
<head>
<meta name="viewport" content="width=device-width, initial-scale=1.0">
<meta http-equiv="Content-Type" content="text/html; charset=UTF-8">
</head>
<body style="font-family: Avenir, Helvetica, sans-serif; box-sizing: border-box; background-color: #f5f8fa; color: #74787E; height: 100%; hyphens: auto; line-height: 1.4; margin: 0; -moz-hyphens: auto; -ms-word-break: break-all; width: 100% !important; -webkit-hyphens: auto; -webkit-text-size-adjust: none; word-break: break-word;">
    <style>
        @media  only screen and (max-width: 600px) {
            .inner-body {
                width: 100% !important;
            }

            .footer {
                width: 100% !important;
            }
        }

        @media  only screen and (max-width: 500px) {
            .button {
                width: 100% !important;
            }
        }
    </style>
<table class="wrapper" width="100%" cellpadding="0" cellspacing="0" style="font-family: Avenir, Helvetica, sans-serif; box-sizing: border-box; background-color: #f5f8fa; margin: 0; padding: 0; width: 100%; -premailer-cellpadding: 0; -premailer-cellspacing: 0; -premailer-width: 100%;"><tr>
<td align="center" style="font-family: Avenir, Helvetica, sans-serif; box-sizing: border-box;">
                <table class="content" width="100%" cellpadding="0" cellspacing="0" style="font-family: Avenir, Helvetica, sans-serif; box-sizing: border-box; margin: 0; padding: 0; width: 100%; -premailer-cellpadding: 0; -premailer-cellspacing: 0; -premailer-width: 100%;">
<tr>
<td class="header" style="font-family: Avenir, Helvetica, sans-serif; box-sizing: border-box; padding: 25px 0; text-align: center;">
        <a href="http://localhost" style="font-family: Avenir, Helvetica, sans-serif; box-sizing: border-box; color: #bbbfc3; font-size: 19px; font-weight: bold; text-decoration: none; text-shadow: 0 1px 0 white;">
            Laravel
        </a>
    </td>
</tr>
<!-- Email Body --><tr>
<td class="body" width="100%" cellpadding="0" cellspacing="0" style="font-family: Avenir, Helvetica, sans-serif; box-sizing: border-box; background-color: #FFFFFF; border-bottom: 1px solid #EDEFF2; border-top: 1px solid #EDEFF2; margin: 0; padding: 0; width: 100%; -premailer-cellpadding: 0; -premailer-cellspacing: 0; -premailer-width: 100%;">
                            <table class="inner-body" align="center" width="570" cellpadding="0" cellspacing="0" style="font-family: Avenir, Helvetica, sans-serif; box-sizing: border-box; background-color: #FFFFFF; margin: 0 auto; padding: 0; width: 570px; -premailer-cellpadding: 0; -premailer-cellspacing: 0; -premailer-width: 570px;">
<!-- Body content --><tr>
<td class="content-cell" style="font-family: Avenir, Helvetica, sans-serif; box-sizing: border-box; padding: 35px;">
                                        <h1 style="font-family: Avenir, Helvetica, sans-serif; box-sizing: border-box; color: #2F3133; font-size: 19px; font-weight: bold; margin-top: 0; text-align: left;">New Signup</h1>
<p style="font-family: Avenir, Helvetica, sans-serif; box-sizing: border-box; color: #74787E; font-size: 16px; line-height: 1.5em; margin-top: 0; text-align: left;">A new user has signed up for your service</p>
<div class="table" style="font-family: Avenir, Helvetica, sans-serif; box-sizing: border-box;">
<table style="font-family: Avenir, Helvetica, sans-serif; box-sizing: border-box; margin: 30px auto; width: 100%; -premailer-cellpadding: 0; -premailer-cellspacing: 0; -premailer-width: 100%;">
<thead style="font-family: Avenir, Helvetica, sans-serif; box-sizing: border-box;"><tr>
<th style="font-family: Avenir, Helvetica, sans-serif; box-sizing: border-box; border-bottom: 1px solid #EDEFF2; padding-bottom: 8px; margin: 0;">Field</th>
<th style="font-family: Avenir, Helvetica, sans-serif; box-sizing: border-box; border-bottom: 1px solid #EDEFF2; padding-bottom: 8px; margin: 0; text-align: center;">Value</th>
</tr></thead>
<tbody style="font-family: Avenir, Helvetica, sans-serif; box-sizing: border-box;">
<tr>
<td style="font-family: Avenir, Helvetica, sans-serif; box-sizing: border-box; color: #74787E; font-size: 15px; line-height: 18px; padding: 10px 0; margin: 0;">Fisrt Name</td>
<td style="font-family: Avenir, Helvetica, sans-serif; box-sizing: border-box; color: #74787E; font-size: 15px; line-height: 18px; padding: 10px 0; margin: 0; text-align: center;">Tavleen</td>
</tr>
<tr>
<td style="font-family: Avenir, Helvetica, sans-serif; box-sizing: border-box; color: #74787E; font-size: 15px; line-height: 18px; padding: 10px 0; margin: 0;">Last Name</td>
<td style="font-family: Avenir, Helvetica, sans-serif; box-sizing: border-box; color: #74787E; font-size: 15px; line-height: 18px; padding: 10px 0; margin: 0; text-align: center;">Kaur</td>
</tr>
<tr>
<td style="font-family: Avenir, Helvetica, sans-serif; box-sizing: border-box; color: #74787E; font-size: 15px; line-height: 18px; padding: 10px 0; margin: 0;">Email</td>
<td style="font-family: Avenir, Helvetica, sans-serif; box-sizing: border-box; color: #74787E; font-size: 15px; line-height: 18px; padding: 10px 0; margin: 0; text-align: center;">me@water.com</td>
</tr>
<tr>
<td style="font-family: Avenir, Helvetica, sans-serif; box-sizing: border-box; color: #74787E; font-size: 15px; line-height: 18px; padding: 10px 0; margin: 0;">Phone</td>
<td style="font-family: Avenir, Helvetica, sans-serif; box-sizing: border-box; color: #74787E; font-size: 15px; line-height: 18px; padding: 10px 0; margin: 0; text-align: center;">1236547896</td>
</tr>
<tr>
<td style="font-family: Avenir, Helvetica, sans-serif; box-sizing: border-box; color: #74787E; font-size: 15px; line-height: 18px; padding: 10px 0; margin: 0;">Address</td>
<td style="font-family: Avenir, Helvetica, sans-serif; box-sizing: border-box; color: #74787E; font-size: 15px; line-height: 18px; padding: 10px 0; margin: 0; text-align: center;">dsfgdfsg</td>
</tr>
<tr>
<td style="font-family: Avenir, Helvetica, sans-serif; box-sizing: border-box; color: #74787E; font-size: 15px; line-height: 18px; padding: 10px 0; margin: 0;">City</td>
<td style="font-family: Avenir, Helvetica, sans-serif; box-sizing: border-box; color: #74787E; font-size: 15px; line-height: 18px; padding: 10px 0; margin: 0; text-align: center;">sdfdfsg</td>
</tr>
<tr>
<td style="font-family: Avenir, Helvetica, sans-serif; box-sizing: border-box; color: #74787E; font-size: 15px; line-height: 18px; padding: 10px 0; margin: 0;">State</td>
<td style="font-family: Avenir, Helvetica, sans-serif; box-sizing: border-box; color: #74787E; font-size: 15px; line-height: 18px; padding: 10px 0; margin: 0; text-align: center;">Texas</td>
</tr>
<tr>
<td style="font-family: Avenir, Helvetica, sans-serif; box-sizing: border-box; color: #74787E; font-size: 15px; line-height: 18px; padding: 10px 0; margin: 0;">Zip</td>
<td style="font-family: Avenir, Helvetica, sans-serif; box-sizing: border-box; color: #74787E; font-size: 15px; line-height: 18px; padding: 10px 0; margin: 0; text-align: center;">12365</td>
</tr>
<tr>
<td style="font-family: Avenir, Helvetica, sans-serif; box-sizing: border-box; color: #74787E; font-size: 15px; line-height: 18px; padding: 10px 0; margin: 0;">Theme</td>
<td style="font-family: Avenir, Helvetica, sans-serif; box-sizing: border-box; color: #74787E; font-size: 15px; line-height: 18px; padding: 10px 0; margin: 0; text-align: center;">united</td>
</tr>
</tbody>
</table>
</div>
<p style="font-family: Avenir, Helvetica, sans-serif; box-sizing: border-box; color: #74787E; font-size: 16px; line-height: 1.5em; margin-top: 0; text-align: left;">Thanks,<br>
Laravel</p>

                                        
                                    </td>
                                </tr>
</table>
</td>
                    </tr>
<tr>
<td style="font-family: Avenir, Helvetica, sans-serif; box-sizing: border-box;">
        <table class="footer" align="center" width="570" cellpadding="0" cellspacing="0" style="font-family: Avenir, Helvetica, sans-serif; box-sizing: border-box; margin: 0 auto; padding: 0; text-align: center; width: 570px; -premailer-cellpadding: 0; -premailer-cellspacing: 0; -premailer-width: 570px;"><tr>
<td class="content-cell" align="center" style="font-family: Avenir, Helvetica, sans-serif; box-sizing: border-box; padding: 35px;">
                    <p style="font-family: Avenir, Helvetica, sans-serif; box-sizing: border-box; line-height: 1.5em; margin-top: 0; color: #AEAEAE; font-size: 12px; text-align: center;">© 2017 Laravel. All rights reserved.</p>
                </td>
            </tr></table>
</td>
</tr>
</table>
</td>
        </tr></table>
</body>
</html>

Content-Type: text/plain; charset=utf-8
Content-Transfer-Encoding: quoted-printable

[Laravel](http://localhost)

# New Signup

 

 A new user has signed up for your service

 

 | Field         | Value         |

 | ------------- |:-------------:|

 | Fisrt Name    | Tavleen |

 | Last Name     | Kaur |

 | Email         | me@water.com |

 | Phone         | 1236547896 |

 | Address       | dsfgdfsg |

 | City          | sdfdfsg |

 | State         | Texas |

 | Zip           | 12365 |

 | Theme         | united |
 

 Thanks,

 Laravel

© 2017 Laravel. All rights reserved.
  
[2017-10-24 16:44:12] local.ERROR: Call to undefined method App\Signup::ByEmail() {"exception":"[object] (BadMethodCallException(code: 0): Call to undefined method App\\Signup::ByEmail() at C:\\projects\\GetRealTLanding\\vendor\\laravel\\framework\\src\\Illuminate\\Database\\Eloquent\\Model.php:1419)
[stacktrace]
#0 C:\\projects\\GetRealTLanding\\vendor\\laravel\\framework\\src\\Illuminate\\Database\\Eloquent\\Model.php(1434): Illuminate\\Database\\Eloquent\\Model->__call('ByEmail', Array)
#1 C:\\projects\\GetRealTLanding\\app\\Http\\Controllers\\SignupController.php(57): Illuminate\\Database\\Eloquent\\Model::__callStatic('ByEmail', Array)
#2 [internal function]: App\\Http\\Controllers\\SignupController->uploadImage(Object(Illuminate\\Http\\Request))
#3 C:\\projects\\GetRealTLanding\\vendor\\laravel\\framework\\src\\Illuminate\\Routing\\Controller.php(54): call_user_func_array(Array, Array)
#4 C:\\projects\\GetRealTLanding\\vendor\\laravel\\framework\\src\\Illuminate\\Routing\\ControllerDispatcher.php(45): Illuminate\\Routing\\Controller->callAction('uploadImage', Array)
#5 C:\\projects\\GetRealTLanding\\vendor\\laravel\\framework\\src\\Illuminate\\Routing\\Route.php(212): Illuminate\\Routing\\ControllerDispatcher->dispatch(Object(Illuminate\\Routing\\Route), Object(App\\Http\\Controllers\\SignupController), 'uploadImage')
#6 C:\\projects\\GetRealTLanding\\vendor\\laravel\\framework\\src\\Illuminate\\Routing\\Route.php(169): Illuminate\\Routing\\Route->runController()
#7 C:\\projects\\GetRealTLanding\\vendor\\laravel\\framework\\src\\Illuminate\\Routing\\Router.php(645): Illuminate\\Routing\\Route->run()
#8 C:\\projects\\GetRealTLanding\\vendor\\laravel\\framework\\src\\Illuminate\\Routing\\Pipeline.php(30): Illuminate\\Routing\\Router->Illuminate\\Routing\\{closure}(Object(Illuminate\\Http\\Request))
#9 C:\\projects\\GetRealTLanding\\vendor\\laravel\\framework\\src\\Illuminate\\Routing\\Middleware\\SubstituteBindings.php(41): Illuminate\\Routing\\Pipeline->Illuminate\\Routing\\{closure}(Object(Illuminate\\Http\\Request))
#10 C:\\projects\\GetRealTLanding\\vendor\\laravel\\framework\\src\\Illuminate\\Pipeline\\Pipeline.php(149): Illuminate\\Routing\\Middleware\\SubstituteBindings->handle(Object(Illuminate\\Http\\Request), Object(Closure))
#11 C:\\projects\\GetRealTLanding\\vendor\\laravel\\framework\\src\\Illuminate\\Routing\\Pipeline.php(53): Illuminate\\Pipeline\\Pipeline->Illuminate\\Pipeline\\{closure}(Object(Illuminate\\Http\\Request))
#12 C:\\projects\\GetRealTLanding\\vendor\\laravel\\framework\\src\\Illuminate\\Routing\\Middleware\\ThrottleRequests.php(57): Illuminate\\Routing\\Pipeline->Illuminate\\Routing\\{closure}(Object(Illuminate\\Http\\Request))
#13 C:\\projects\\GetRealTLanding\\vendor\\laravel\\framework\\src\\Illuminate\\Pipeline\\Pipeline.php(149): Illuminate\\Routing\\Middleware\\ThrottleRequests->handle(Object(Illuminate\\Http\\Request), Object(Closure), 60, '1')
#14 C:\\projects\\GetRealTLanding\\vendor\\laravel\\framework\\src\\Illuminate\\Routing\\Pipeline.php(53): Illuminate\\Pipeline\\Pipeline->Illuminate\\Pipeline\\{closure}(Object(Illuminate\\Http\\Request))
#15 C:\\projects\\GetRealTLanding\\vendor\\laravel\\framework\\src\\Illuminate\\Pipeline\\Pipeline.php(102): Illuminate\\Routing\\Pipeline->Illuminate\\Routing\\{closure}(Object(Illuminate\\Http\\Request))
#16 C:\\projects\\GetRealTLanding\\vendor\\laravel\\framework\\src\\Illuminate\\Routing\\Router.php(647): Illuminate\\Pipeline\\Pipeline->then(Object(Closure))
#17 C:\\projects\\GetRealTLanding\\vendor\\laravel\\framework\\src\\Illuminate\\Routing\\Router.php(622): Illuminate\\Routing\\Router->runRouteWithinStack(Object(Illuminate\\Routing\\Route), Object(Illuminate\\Http\\Request))
#18 C:\\projects\\GetRealTLanding\\vendor\\laravel\\framework\\src\\Illuminate\\Routing\\Router.php(588): Illuminate\\Routing\\Router->runRoute(Object(Illuminate\\Http\\Request), Object(Illuminate\\Routing\\Route))
#19 C:\\projects\\GetRealTLanding\\vendor\\laravel\\framework\\src\\Illuminate\\Routing\\Router.php(577): Illuminate\\Routing\\Router->dispatchToRoute(Object(Illuminate\\Http\\Request))
#20 C:\\projects\\GetRealTLanding\\vendor\\laravel\\framework\\src\\Illuminate\\Foundation\\Http\\Kernel.php(176): Illuminate\\Routing\\Router->dispatch(Object(Illuminate\\Http\\Request))
#21 C:\\projects\\GetRealTLanding\\vendor\\laravel\\framework\\src\\Illuminate\\Routing\\Pipeline.php(30): Illuminate\\Foundation\\Http\\Kernel->Illuminate\\Foundation\\Http\\{closure}(Object(Illuminate\\Http\\Request))
#22 C:\\projects\\GetRealTLanding\\vendor\\fideloper\\proxy\\src\\TrustProxies.php(56): Illuminate\\Routing\\Pipeline->Illuminate\\Routing\\{closure}(Object(Illuminate\\Http\\Request))
#23 C:\\projects\\GetRealTLanding\\vendor\\laravel\\framework\\src\\Illuminate\\Pipeline\\Pipeline.php(149): Fideloper\\Proxy\\TrustProxies->handle(Object(Illuminate\\Http\\Request), Object(Closure))
#24 C:\\projects\\GetRealTLanding\\vendor\\laravel\\framework\\src\\Illuminate\\Routing\\Pipeline.php(53): Illuminate\\Pipeline\\Pipeline->Illuminate\\Pipeline\\{closure}(Object(Illuminate\\Http\\Request))
#25 C:\\projects\\GetRealTLanding\\vendor\\laravel\\framework\\src\\Illuminate\\Foundation\\Http\\Middleware\\TransformsRequest.php(30): Illuminate\\Routing\\Pipeline->Illuminate\\Routing\\{closure}(Object(Illuminate\\Http\\Request))
#26 C:\\projects\\GetRealTLanding\\vendor\\laravel\\framework\\src\\Illuminate\\Pipeline\\Pipeline.php(149): Illuminate\\Foundation\\Http\\Middleware\\TransformsRequest->handle(Object(Illuminate\\Http\\Request), Object(Closure))
#27 C:\\projects\\GetRealTLanding\\vendor\\laravel\\framework\\src\\Illuminate\\Routing\\Pipeline.php(53): Illuminate\\Pipeline\\Pipeline->Illuminate\\Pipeline\\{closure}(Object(Illuminate\\Http\\Request))
#28 C:\\projects\\GetRealTLanding\\vendor\\laravel\\framework\\src\\Illuminate\\Foundation\\Http\\Middleware\\TransformsRequest.php(30): Illuminate\\Routing\\Pipeline->Illuminate\\Routing\\{closure}(Object(Illuminate\\Http\\Request))
#29 C:\\projects\\GetRealTLanding\\vendor\\laravel\\framework\\src\\Illuminate\\Pipeline\\Pipeline.php(149): Illuminate\\Foundation\\Http\\Middleware\\TransformsRequest->handle(Object(Illuminate\\Http\\Request), Object(Closure))
#30 C:\\projects\\GetRealTLanding\\vendor\\laravel\\framework\\src\\Illuminate\\Routing\\Pipeline.php(53): Illuminate\\Pipeline\\Pipeline->Illuminate\\Pipeline\\{closure}(Object(Illuminate\\Http\\Request))
#31 C:\\projects\\GetRealTLanding\\vendor\\laravel\\framework\\src\\Illuminate\\Foundation\\Http\\Middleware\\ValidatePostSize.php(27): Illuminate\\Routing\\Pipeline->Illuminate\\Routing\\{closure}(Object(Illuminate\\Http\\Request))
#32 C:\\projects\\GetRealTLanding\\vendor\\laravel\\framework\\src\\Illuminate\\Pipeline\\Pipeline.php(149): Illuminate\\Foundation\\Http\\Middleware\\ValidatePostSize->handle(Object(Illuminate\\Http\\Request), Object(Closure))
#33 C:\\projects\\GetRealTLanding\\vendor\\laravel\\framework\\src\\Illuminate\\Routing\\Pipeline.php(53): Illuminate\\Pipeline\\Pipeline->Illuminate\\Pipeline\\{closure}(Object(Illuminate\\Http\\Request))
#34 C:\\projects\\GetRealTLanding\\vendor\\laravel\\framework\\src\\Illuminate\\Foundation\\Http\\Middleware\\CheckForMaintenanceMode.php(46): Illuminate\\Routing\\Pipeline->Illuminate\\Routing\\{closure}(Object(Illuminate\\Http\\Request))
#35 C:\\projects\\GetRealTLanding\\vendor\\laravel\\framework\\src\\Illuminate\\Pipeline\\Pipeline.php(149): Illuminate\\Foundation\\Http\\Middleware\\CheckForMaintenanceMode->handle(Object(Illuminate\\Http\\Request), Object(Closure))
#36 C:\\projects\\GetRealTLanding\\vendor\\laravel\\framework\\src\\Illuminate\\Routing\\Pipeline.php(53): Illuminate\\Pipeline\\Pipeline->Illuminate\\Pipeline\\{closure}(Object(Illuminate\\Http\\Request))
#37 C:\\projects\\GetRealTLanding\\vendor\\laravel\\framework\\src\\Illuminate\\Pipeline\\Pipeline.php(102): Illuminate\\Routing\\Pipeline->Illuminate\\Routing\\{closure}(Object(Illuminate\\Http\\Request))
#38 C:\\projects\\GetRealTLanding\\vendor\\laravel\\framework\\src\\Illuminate\\Foundation\\Http\\Kernel.php(151): Illuminate\\Pipeline\\Pipeline->then(Object(Closure))
#39 C:\\projects\\GetRealTLanding\\vendor\\laravel\\framework\\src\\Illuminate\\Foundation\\Http\\Kernel.php(116): Illuminate\\Foundation\\Http\\Kernel->sendRequestThroughRouter(Object(Illuminate\\Http\\Request))
#40 C:\\projects\\GetRealTLanding\\public\\index.php(55): Illuminate\\Foundation\\Http\\Kernel->handle(Object(Illuminate\\Http\\Request))
#41 {main}
"} 
[2017-10-24 16:51:10] local.DEBUG: Message-ID: <8abf265fccab7cc6ae2e4ee6cdf1d85b@landing.dev>
Date: Tue, 24 Oct 2017 16:51:10 +0000
Subject: Signup Submitted
From: Example <hello@example.com>
To: me@earth.com
MIME-Version: 1.0
Content-Type: multipart/alternative;
 boundary="_=_swift_1508863870_884ff1d94544d253eb8cccc09060dba7_=_"

<!DOCTYPE html PUBLIC "-//W3C//DTD XHTML 1.0 Transitional//EN" "http://www.w3.org/TR/xhtml1/DTD/xhtml1-transitional.dtd">
<html xmlns="http://www.w3.org/1999/xhtml">
<head>
<meta name="viewport" content="width=device-width, initial-scale=1.0">
<meta http-equiv="Content-Type" content="text/html; charset=UTF-8">
</head>
<body style="font-family: Avenir, Helvetica, sans-serif; box-sizing: border-box; background-color: #f5f8fa; color: #74787E; height: 100%; hyphens: auto; line-height: 1.4; margin: 0; -moz-hyphens: auto; -ms-word-break: break-all; width: 100% !important; -webkit-hyphens: auto; -webkit-text-size-adjust: none; word-break: break-word;">
    <style>
        @media  only screen and (max-width: 600px) {
            .inner-body {
                width: 100% !important;
            }

            .footer {
                width: 100% !important;
            }
        }

        @media  only screen and (max-width: 500px) {
            .button {
                width: 100% !important;
            }
        }
    </style>
<table class="wrapper" width="100%" cellpadding="0" cellspacing="0" style="font-family: Avenir, Helvetica, sans-serif; box-sizing: border-box; background-color: #f5f8fa; margin: 0; padding: 0; width: 100%; -premailer-cellpadding: 0; -premailer-cellspacing: 0; -premailer-width: 100%;"><tr>
<td align="center" style="font-family: Avenir, Helvetica, sans-serif; box-sizing: border-box;">
                <table class="content" width="100%" cellpadding="0" cellspacing="0" style="font-family: Avenir, Helvetica, sans-serif; box-sizing: border-box; margin: 0; padding: 0; width: 100%; -premailer-cellpadding: 0; -premailer-cellspacing: 0; -premailer-width: 100%;">
<tr>
<td class="header" style="font-family: Avenir, Helvetica, sans-serif; box-sizing: border-box; padding: 25px 0; text-align: center;">
        <a href="http://localhost" style="font-family: Avenir, Helvetica, sans-serif; box-sizing: border-box; color: #bbbfc3; font-size: 19px; font-weight: bold; text-decoration: none; text-shadow: 0 1px 0 white;">
            Laravel
        </a>
    </td>
</tr>
<!-- Email Body --><tr>
<td class="body" width="100%" cellpadding="0" cellspacing="0" style="font-family: Avenir, Helvetica, sans-serif; box-sizing: border-box; background-color: #FFFFFF; border-bottom: 1px solid #EDEFF2; border-top: 1px solid #EDEFF2; margin: 0; padding: 0; width: 100%; -premailer-cellpadding: 0; -premailer-cellspacing: 0; -premailer-width: 100%;">
                            <table class="inner-body" align="center" width="570" cellpadding="0" cellspacing="0" style="font-family: Avenir, Helvetica, sans-serif; box-sizing: border-box; background-color: #FFFFFF; margin: 0 auto; padding: 0; width: 570px; -premailer-cellpadding: 0; -premailer-cellspacing: 0; -premailer-width: 570px;">
<!-- Body content --><tr>
<td class="content-cell" style="font-family: Avenir, Helvetica, sans-serif; box-sizing: border-box; padding: 35px;">
                                        <h1 style="font-family: Avenir, Helvetica, sans-serif; box-sizing: border-box; color: #2F3133; font-size: 19px; font-weight: bold; margin-top: 0; text-align: left;">New Signup</h1>
<p style="font-family: Avenir, Helvetica, sans-serif; box-sizing: border-box; color: #74787E; font-size: 16px; line-height: 1.5em; margin-top: 0; text-align: left;">A new user has signed up for your service</p>
<div class="table" style="font-family: Avenir, Helvetica, sans-serif; box-sizing: border-box;">
<table style="font-family: Avenir, Helvetica, sans-serif; box-sizing: border-box; margin: 30px auto; width: 100%; -premailer-cellpadding: 0; -premailer-cellspacing: 0; -premailer-width: 100%;">
<thead style="font-family: Avenir, Helvetica, sans-serif; box-sizing: border-box;"><tr>
<th style="font-family: Avenir, Helvetica, sans-serif; box-sizing: border-box; border-bottom: 1px solid #EDEFF2; padding-bottom: 8px; margin: 0;">Field</th>
<th style="font-family: Avenir, Helvetica, sans-serif; box-sizing: border-box; border-bottom: 1px solid #EDEFF2; padding-bottom: 8px; margin: 0; text-align: center;">Value</th>
</tr></thead>
<tbody style="font-family: Avenir, Helvetica, sans-serif; box-sizing: border-box;">
<tr>
<td style="font-family: Avenir, Helvetica, sans-serif; box-sizing: border-box; color: #74787E; font-size: 15px; line-height: 18px; padding: 10px 0; margin: 0;">Fisrt Name</td>
<td style="font-family: Avenir, Helvetica, sans-serif; box-sizing: border-box; color: #74787E; font-size: 15px; line-height: 18px; padding: 10px 0; margin: 0; text-align: center;">Tavleen</td>
</tr>
<tr>
<td style="font-family: Avenir, Helvetica, sans-serif; box-sizing: border-box; color: #74787E; font-size: 15px; line-height: 18px; padding: 10px 0; margin: 0;">Last Name</td>
<td style="font-family: Avenir, Helvetica, sans-serif; box-sizing: border-box; color: #74787E; font-size: 15px; line-height: 18px; padding: 10px 0; margin: 0; text-align: center;">Kaur</td>
</tr>
<tr>
<td style="font-family: Avenir, Helvetica, sans-serif; box-sizing: border-box; color: #74787E; font-size: 15px; line-height: 18px; padding: 10px 0; margin: 0;">Email</td>
<td style="font-family: Avenir, Helvetica, sans-serif; box-sizing: border-box; color: #74787E; font-size: 15px; line-height: 18px; padding: 10px 0; margin: 0; text-align: center;">me@jhasdjkhjkh.com</td>
</tr>
<tr>
<td style="font-family: Avenir, Helvetica, sans-serif; box-sizing: border-box; color: #74787E; font-size: 15px; line-height: 18px; padding: 10px 0; margin: 0;">Phone</td>
<td style="font-family: Avenir, Helvetica, sans-serif; box-sizing: border-box; color: #74787E; font-size: 15px; line-height: 18px; padding: 10px 0; margin: 0; text-align: center;">1236547896</td>
</tr>
<tr>
<td style="font-family: Avenir, Helvetica, sans-serif; box-sizing: border-box; color: #74787E; font-size: 15px; line-height: 18px; padding: 10px 0; margin: 0;">Address</td>
<td style="font-family: Avenir, Helvetica, sans-serif; box-sizing: border-box; color: #74787E; font-size: 15px; line-height: 18px; padding: 10px 0; margin: 0; text-align: center;">jhfdsjkhkhdsklahjh</td>
</tr>
<tr>
<td style="font-family: Avenir, Helvetica, sans-serif; box-sizing: border-box; color: #74787E; font-size: 15px; line-height: 18px; padding: 10px 0; margin: 0;">City</td>
<td style="font-family: Avenir, Helvetica, sans-serif; box-sizing: border-box; color: #74787E; font-size: 15px; line-height: 18px; padding: 10px 0; margin: 0; text-align: center;">sdfhjhkfdshhsk</td>
</tr>
<tr>
<td style="font-family: Avenir, Helvetica, sans-serif; box-sizing: border-box; color: #74787E; font-size: 15px; line-height: 18px; padding: 10px 0; margin: 0;">State</td>
<td style="font-family: Avenir, Helvetica, sans-serif; box-sizing: border-box; color: #74787E; font-size: 15px; line-height: 18px; padding: 10px 0; margin: 0; text-align: center;">Arkansas</td>
</tr>
<tr>
<td style="font-family: Avenir, Helvetica, sans-serif; box-sizing: border-box; color: #74787E; font-size: 15px; line-height: 18px; padding: 10px 0; margin: 0;">Zip</td>
<td style="font-family: Avenir, Helvetica, sans-serif; box-sizing: border-box; color: #74787E; font-size: 15px; line-height: 18px; padding: 10px 0; margin: 0; text-align: center;">12365</td>
</tr>
<tr>
<td style="font-family: Avenir, Helvetica, sans-serif; box-sizing: border-box; color: #74787E; font-size: 15px; line-height: 18px; padding: 10px 0; margin: 0;">Theme</td>
<td style="font-family: Avenir, Helvetica, sans-serif; box-sizing: border-box; color: #74787E; font-size: 15px; line-height: 18px; padding: 10px 0; margin: 0; text-align: center;">lumen</td>
</tr>
</tbody>
</table>
</div>
<p style="font-family: Avenir, Helvetica, sans-serif; box-sizing: border-box; color: #74787E; font-size: 16px; line-height: 1.5em; margin-top: 0; text-align: left;">Thanks,<br>
Laravel</p>

                                        
                                    </td>
                                </tr>
</table>
</td>
                    </tr>
<tr>
<td style="font-family: Avenir, Helvetica, sans-serif; box-sizing: border-box;">
        <table class="footer" align="center" width="570" cellpadding="0" cellspacing="0" style="font-family: Avenir, Helvetica, sans-serif; box-sizing: border-box; margin: 0 auto; padding: 0; text-align: center; width: 570px; -premailer-cellpadding: 0; -premailer-cellspacing: 0; -premailer-width: 570px;"><tr>
<td class="content-cell" align="center" style="font-family: Avenir, Helvetica, sans-serif; box-sizing: border-box; padding: 35px;">
                    <p style="font-family: Avenir, Helvetica, sans-serif; box-sizing: border-box; line-height: 1.5em; margin-top: 0; color: #AEAEAE; font-size: 12px; text-align: center;">© 2017 Laravel. All rights reserved.</p>
                </td>
            </tr></table>
</td>
</tr>
</table>
</td>
        </tr></table>
</body>
</html>

Content-Type: text/plain; charset=utf-8
Content-Transfer-Encoding: quoted-printable

[Laravel](http://localhost)

# New Signup

 

 A new user has signed up for your service

 

 | Field         | Value         |

 | ------------- |:-------------:|

 | Fisrt Name    | Tavleen |

 | Last Name     | Kaur |

 | Email         | me@jhasdjkhjkh.com |

 | Phone         | 1236547896 |

 | Address       | jhfdsjkhkhdsklahjh |

 | City          | sdfhjhkfdshhsk |

 | State         | Arkansas |

 | Zip           | 12365 |

 | Theme         | lumen |
 

 Thanks,

 Laravel

© 2017 Laravel. All rights reserved.
  
[2017-10-24 16:51:15] local.ERROR: Call to undefined method App\Signup::ByEmail() {"exception":"[object] (BadMethodCallException(code: 0): Call to undefined method App\\Signup::ByEmail() at C:\\projects\\GetRealTLanding\\vendor\\laravel\\framework\\src\\Illuminate\\Database\\Eloquent\\Model.php:1419)
[stacktrace]
#0 C:\\projects\\GetRealTLanding\\vendor\\laravel\\framework\\src\\Illuminate\\Database\\Eloquent\\Model.php(1434): Illuminate\\Database\\Eloquent\\Model->__call('ByEmail', Array)
#1 C:\\projects\\GetRealTLanding\\app\\Http\\Controllers\\SignupController.php(57): Illuminate\\Database\\Eloquent\\Model::__callStatic('ByEmail', Array)
#2 [internal function]: App\\Http\\Controllers\\SignupController->uploadImage(Object(Illuminate\\Http\\Request))
#3 C:\\projects\\GetRealTLanding\\vendor\\laravel\\framework\\src\\Illuminate\\Routing\\Controller.php(54): call_user_func_array(Array, Array)
#4 C:\\projects\\GetRealTLanding\\vendor\\laravel\\framework\\src\\Illuminate\\Routing\\ControllerDispatcher.php(45): Illuminate\\Routing\\Controller->callAction('uploadImage', Array)
#5 C:\\projects\\GetRealTLanding\\vendor\\laravel\\framework\\src\\Illuminate\\Routing\\Route.php(212): Illuminate\\Routing\\ControllerDispatcher->dispatch(Object(Illuminate\\Routing\\Route), Object(App\\Http\\Controllers\\SignupController), 'uploadImage')
#6 C:\\projects\\GetRealTLanding\\vendor\\laravel\\framework\\src\\Illuminate\\Routing\\Route.php(169): Illuminate\\Routing\\Route->runController()
#7 C:\\projects\\GetRealTLanding\\vendor\\laravel\\framework\\src\\Illuminate\\Routing\\Router.php(645): Illuminate\\Routing\\Route->run()
#8 C:\\projects\\GetRealTLanding\\vendor\\laravel\\framework\\src\\Illuminate\\Routing\\Pipeline.php(30): Illuminate\\Routing\\Router->Illuminate\\Routing\\{closure}(Object(Illuminate\\Http\\Request))
#9 C:\\projects\\GetRealTLanding\\vendor\\laravel\\framework\\src\\Illuminate\\Routing\\Middleware\\SubstituteBindings.php(41): Illuminate\\Routing\\Pipeline->Illuminate\\Routing\\{closure}(Object(Illuminate\\Http\\Request))
#10 C:\\projects\\GetRealTLanding\\vendor\\laravel\\framework\\src\\Illuminate\\Pipeline\\Pipeline.php(149): Illuminate\\Routing\\Middleware\\SubstituteBindings->handle(Object(Illuminate\\Http\\Request), Object(Closure))
#11 C:\\projects\\GetRealTLanding\\vendor\\laravel\\framework\\src\\Illuminate\\Routing\\Pipeline.php(53): Illuminate\\Pipeline\\Pipeline->Illuminate\\Pipeline\\{closure}(Object(Illuminate\\Http\\Request))
#12 C:\\projects\\GetRealTLanding\\vendor\\laravel\\framework\\src\\Illuminate\\Routing\\Middleware\\ThrottleRequests.php(57): Illuminate\\Routing\\Pipeline->Illuminate\\Routing\\{closure}(Object(Illuminate\\Http\\Request))
#13 C:\\projects\\GetRealTLanding\\vendor\\laravel\\framework\\src\\Illuminate\\Pipeline\\Pipeline.php(149): Illuminate\\Routing\\Middleware\\ThrottleRequests->handle(Object(Illuminate\\Http\\Request), Object(Closure), 60, '1')
#14 C:\\projects\\GetRealTLanding\\vendor\\laravel\\framework\\src\\Illuminate\\Routing\\Pipeline.php(53): Illuminate\\Pipeline\\Pipeline->Illuminate\\Pipeline\\{closure}(Object(Illuminate\\Http\\Request))
#15 C:\\projects\\GetRealTLanding\\vendor\\laravel\\framework\\src\\Illuminate\\Pipeline\\Pipeline.php(102): Illuminate\\Routing\\Pipeline->Illuminate\\Routing\\{closure}(Object(Illuminate\\Http\\Request))
#16 C:\\projects\\GetRealTLanding\\vendor\\laravel\\framework\\src\\Illuminate\\Routing\\Router.php(647): Illuminate\\Pipeline\\Pipeline->then(Object(Closure))
#17 C:\\projects\\GetRealTLanding\\vendor\\laravel\\framework\\src\\Illuminate\\Routing\\Router.php(622): Illuminate\\Routing\\Router->runRouteWithinStack(Object(Illuminate\\Routing\\Route), Object(Illuminate\\Http\\Request))
#18 C:\\projects\\GetRealTLanding\\vendor\\laravel\\framework\\src\\Illuminate\\Routing\\Router.php(588): Illuminate\\Routing\\Router->runRoute(Object(Illuminate\\Http\\Request), Object(Illuminate\\Routing\\Route))
#19 C:\\projects\\GetRealTLanding\\vendor\\laravel\\framework\\src\\Illuminate\\Routing\\Router.php(577): Illuminate\\Routing\\Router->dispatchToRoute(Object(Illuminate\\Http\\Request))
#20 C:\\projects\\GetRealTLanding\\vendor\\laravel\\framework\\src\\Illuminate\\Foundation\\Http\\Kernel.php(176): Illuminate\\Routing\\Router->dispatch(Object(Illuminate\\Http\\Request))
#21 C:\\projects\\GetRealTLanding\\vendor\\laravel\\framework\\src\\Illuminate\\Routing\\Pipeline.php(30): Illuminate\\Foundation\\Http\\Kernel->Illuminate\\Foundation\\Http\\{closure}(Object(Illuminate\\Http\\Request))
#22 C:\\projects\\GetRealTLanding\\vendor\\fideloper\\proxy\\src\\TrustProxies.php(56): Illuminate\\Routing\\Pipeline->Illuminate\\Routing\\{closure}(Object(Illuminate\\Http\\Request))
#23 C:\\projects\\GetRealTLanding\\vendor\\laravel\\framework\\src\\Illuminate\\Pipeline\\Pipeline.php(149): Fideloper\\Proxy\\TrustProxies->handle(Object(Illuminate\\Http\\Request), Object(Closure))
#24 C:\\projects\\GetRealTLanding\\vendor\\laravel\\framework\\src\\Illuminate\\Routing\\Pipeline.php(53): Illuminate\\Pipeline\\Pipeline->Illuminate\\Pipeline\\{closure}(Object(Illuminate\\Http\\Request))
#25 C:\\projects\\GetRealTLanding\\vendor\\laravel\\framework\\src\\Illuminate\\Foundation\\Http\\Middleware\\TransformsRequest.php(30): Illuminate\\Routing\\Pipeline->Illuminate\\Routing\\{closure}(Object(Illuminate\\Http\\Request))
#26 C:\\projects\\GetRealTLanding\\vendor\\laravel\\framework\\src\\Illuminate\\Pipeline\\Pipeline.php(149): Illuminate\\Foundation\\Http\\Middleware\\TransformsRequest->handle(Object(Illuminate\\Http\\Request), Object(Closure))
#27 C:\\projects\\GetRealTLanding\\vendor\\laravel\\framework\\src\\Illuminate\\Routing\\Pipeline.php(53): Illuminate\\Pipeline\\Pipeline->Illuminate\\Pipeline\\{closure}(Object(Illuminate\\Http\\Request))
#28 C:\\projects\\GetRealTLanding\\vendor\\laravel\\framework\\src\\Illuminate\\Foundation\\Http\\Middleware\\TransformsRequest.php(30): Illuminate\\Routing\\Pipeline->Illuminate\\Routing\\{closure}(Object(Illuminate\\Http\\Request))
#29 C:\\projects\\GetRealTLanding\\vendor\\laravel\\framework\\src\\Illuminate\\Pipeline\\Pipeline.php(149): Illuminate\\Foundation\\Http\\Middleware\\TransformsRequest->handle(Object(Illuminate\\Http\\Request), Object(Closure))
#30 C:\\projects\\GetRealTLanding\\vendor\\laravel\\framework\\src\\Illuminate\\Routing\\Pipeline.php(53): Illuminate\\Pipeline\\Pipeline->Illuminate\\Pipeline\\{closure}(Object(Illuminate\\Http\\Request))
#31 C:\\projects\\GetRealTLanding\\vendor\\laravel\\framework\\src\\Illuminate\\Foundation\\Http\\Middleware\\ValidatePostSize.php(27): Illuminate\\Routing\\Pipeline->Illuminate\\Routing\\{closure}(Object(Illuminate\\Http\\Request))
#32 C:\\projects\\GetRealTLanding\\vendor\\laravel\\framework\\src\\Illuminate\\Pipeline\\Pipeline.php(149): Illuminate\\Foundation\\Http\\Middleware\\ValidatePostSize->handle(Object(Illuminate\\Http\\Request), Object(Closure))
#33 C:\\projects\\GetRealTLanding\\vendor\\laravel\\framework\\src\\Illuminate\\Routing\\Pipeline.php(53): Illuminate\\Pipeline\\Pipeline->Illuminate\\Pipeline\\{closure}(Object(Illuminate\\Http\\Request))
#34 C:\\projects\\GetRealTLanding\\vendor\\laravel\\framework\\src\\Illuminate\\Foundation\\Http\\Middleware\\CheckForMaintenanceMode.php(46): Illuminate\\Routing\\Pipeline->Illuminate\\Routing\\{closure}(Object(Illuminate\\Http\\Request))
#35 C:\\projects\\GetRealTLanding\\vendor\\laravel\\framework\\src\\Illuminate\\Pipeline\\Pipeline.php(149): Illuminate\\Foundation\\Http\\Middleware\\CheckForMaintenanceMode->handle(Object(Illuminate\\Http\\Request), Object(Closure))
#36 C:\\projects\\GetRealTLanding\\vendor\\laravel\\framework\\src\\Illuminate\\Routing\\Pipeline.php(53): Illuminate\\Pipeline\\Pipeline->Illuminate\\Pipeline\\{closure}(Object(Illuminate\\Http\\Request))
#37 C:\\projects\\GetRealTLanding\\vendor\\laravel\\framework\\src\\Illuminate\\Pipeline\\Pipeline.php(102): Illuminate\\Routing\\Pipeline->Illuminate\\Routing\\{closure}(Object(Illuminate\\Http\\Request))
#38 C:\\projects\\GetRealTLanding\\vendor\\laravel\\framework\\src\\Illuminate\\Foundation\\Http\\Kernel.php(151): Illuminate\\Pipeline\\Pipeline->then(Object(Closure))
#39 C:\\projects\\GetRealTLanding\\vendor\\laravel\\framework\\src\\Illuminate\\Foundation\\Http\\Kernel.php(116): Illuminate\\Foundation\\Http\\Kernel->sendRequestThroughRouter(Object(Illuminate\\Http\\Request))
#40 C:\\projects\\GetRealTLanding\\public\\index.php(55): Illuminate\\Foundation\\Http\\Kernel->handle(Object(Illuminate\\Http\\Request))
#41 {main}
"} 
[2017-10-24 17:05:58] local.DEBUG: Message-ID: <ef490142b43c117af0873e8320546f12@landing.dev>
Date: Tue, 24 Oct 2017 17:05:58 +0000
Subject: Signup Submitted
From: Example <hello@example.com>
To: me@earth.com
MIME-Version: 1.0
Content-Type: multipart/alternative;
 boundary="_=_swift_1508864758_979736040ecef2fd4ba61e068a5a8920_=_"

<!DOCTYPE html PUBLIC "-//W3C//DTD XHTML 1.0 Transitional//EN" "http://www.w3.org/TR/xhtml1/DTD/xhtml1-transitional.dtd">
<html xmlns="http://www.w3.org/1999/xhtml">
<head>
<meta name="viewport" content="width=device-width, initial-scale=1.0">
<meta http-equiv="Content-Type" content="text/html; charset=UTF-8">
</head>
<body style="font-family: Avenir, Helvetica, sans-serif; box-sizing: border-box; background-color: #f5f8fa; color: #74787E; height: 100%; hyphens: auto; line-height: 1.4; margin: 0; -moz-hyphens: auto; -ms-word-break: break-all; width: 100% !important; -webkit-hyphens: auto; -webkit-text-size-adjust: none; word-break: break-word;">
    <style>
        @media  only screen and (max-width: 600px) {
            .inner-body {
                width: 100% !important;
            }

            .footer {
                width: 100% !important;
            }
        }

        @media  only screen and (max-width: 500px) {
            .button {
                width: 100% !important;
            }
        }
    </style>
<table class="wrapper" width="100%" cellpadding="0" cellspacing="0" style="font-family: Avenir, Helvetica, sans-serif; box-sizing: border-box; background-color: #f5f8fa; margin: 0; padding: 0; width: 100%; -premailer-cellpadding: 0; -premailer-cellspacing: 0; -premailer-width: 100%;"><tr>
<td align="center" style="font-family: Avenir, Helvetica, sans-serif; box-sizing: border-box;">
                <table class="content" width="100%" cellpadding="0" cellspacing="0" style="font-family: Avenir, Helvetica, sans-serif; box-sizing: border-box; margin: 0; padding: 0; width: 100%; -premailer-cellpadding: 0; -premailer-cellspacing: 0; -premailer-width: 100%;">
<tr>
<td class="header" style="font-family: Avenir, Helvetica, sans-serif; box-sizing: border-box; padding: 25px 0; text-align: center;">
        <a href="http://localhost" style="font-family: Avenir, Helvetica, sans-serif; box-sizing: border-box; color: #bbbfc3; font-size: 19px; font-weight: bold; text-decoration: none; text-shadow: 0 1px 0 white;">
            Laravel
        </a>
    </td>
</tr>
<!-- Email Body --><tr>
<td class="body" width="100%" cellpadding="0" cellspacing="0" style="font-family: Avenir, Helvetica, sans-serif; box-sizing: border-box; background-color: #FFFFFF; border-bottom: 1px solid #EDEFF2; border-top: 1px solid #EDEFF2; margin: 0; padding: 0; width: 100%; -premailer-cellpadding: 0; -premailer-cellspacing: 0; -premailer-width: 100%;">
                            <table class="inner-body" align="center" width="570" cellpadding="0" cellspacing="0" style="font-family: Avenir, Helvetica, sans-serif; box-sizing: border-box; background-color: #FFFFFF; margin: 0 auto; padding: 0; width: 570px; -premailer-cellpadding: 0; -premailer-cellspacing: 0; -premailer-width: 570px;">
<!-- Body content --><tr>
<td class="content-cell" style="font-family: Avenir, Helvetica, sans-serif; box-sizing: border-box; padding: 35px;">
                                        <h1 style="font-family: Avenir, Helvetica, sans-serif; box-sizing: border-box; color: #2F3133; font-size: 19px; font-weight: bold; margin-top: 0; text-align: left;">New Signup</h1>
<p style="font-family: Avenir, Helvetica, sans-serif; box-sizing: border-box; color: #74787E; font-size: 16px; line-height: 1.5em; margin-top: 0; text-align: left;">A new user has signed up for your service</p>
<div class="table" style="font-family: Avenir, Helvetica, sans-serif; box-sizing: border-box;">
<table style="font-family: Avenir, Helvetica, sans-serif; box-sizing: border-box; margin: 30px auto; width: 100%; -premailer-cellpadding: 0; -premailer-cellspacing: 0; -premailer-width: 100%;">
<thead style="font-family: Avenir, Helvetica, sans-serif; box-sizing: border-box;"><tr>
<th style="font-family: Avenir, Helvetica, sans-serif; box-sizing: border-box; border-bottom: 1px solid #EDEFF2; padding-bottom: 8px; margin: 0;">Field</th>
<th style="font-family: Avenir, Helvetica, sans-serif; box-sizing: border-box; border-bottom: 1px solid #EDEFF2; padding-bottom: 8px; margin: 0; text-align: center;">Value</th>
</tr></thead>
<tbody style="font-family: Avenir, Helvetica, sans-serif; box-sizing: border-box;">
<tr>
<td style="font-family: Avenir, Helvetica, sans-serif; box-sizing: border-box; color: #74787E; font-size: 15px; line-height: 18px; padding: 10px 0; margin: 0;">Fisrt Name</td>
<td style="font-family: Avenir, Helvetica, sans-serif; box-sizing: border-box; color: #74787E; font-size: 15px; line-height: 18px; padding: 10px 0; margin: 0; text-align: center;">Tavleen</td>
</tr>
<tr>
<td style="font-family: Avenir, Helvetica, sans-serif; box-sizing: border-box; color: #74787E; font-size: 15px; line-height: 18px; padding: 10px 0; margin: 0;">Last Name</td>
<td style="font-family: Avenir, Helvetica, sans-serif; box-sizing: border-box; color: #74787E; font-size: 15px; line-height: 18px; padding: 10px 0; margin: 0; text-align: center;">Kaur</td>
</tr>
<tr>
<td style="font-family: Avenir, Helvetica, sans-serif; box-sizing: border-box; color: #74787E; font-size: 15px; line-height: 18px; padding: 10px 0; margin: 0;">Email</td>
<td style="font-family: Avenir, Helvetica, sans-serif; box-sizing: border-box; color: #74787E; font-size: 15px; line-height: 18px; padding: 10px 0; margin: 0; text-align: center;">txkaur@earth.com</td>
</tr>
<tr>
<td style="font-family: Avenir, Helvetica, sans-serif; box-sizing: border-box; color: #74787E; font-size: 15px; line-height: 18px; padding: 10px 0; margin: 0;">Phone</td>
<td style="font-family: Avenir, Helvetica, sans-serif; box-sizing: border-box; color: #74787E; font-size: 15px; line-height: 18px; padding: 10px 0; margin: 0; text-align: center;">4561239634</td>
</tr>
<tr>
<td style="font-family: Avenir, Helvetica, sans-serif; box-sizing: border-box; color: #74787E; font-size: 15px; line-height: 18px; padding: 10px 0; margin: 0;">Address</td>
<td style="font-family: Avenir, Helvetica, sans-serif; box-sizing: border-box; color: #74787E; font-size: 15px; line-height: 18px; padding: 10px 0; margin: 0; text-align: center;">asdfhjkl</td>
</tr>
<tr>
<td style="font-family: Avenir, Helvetica, sans-serif; box-sizing: border-box; color: #74787E; font-size: 15px; line-height: 18px; padding: 10px 0; margin: 0;">City</td>
<td style="font-family: Avenir, Helvetica, sans-serif; box-sizing: border-box; color: #74787E; font-size: 15px; line-height: 18px; padding: 10px 0; margin: 0; text-align: center;">asdfqreq</td>
</tr>
<tr>
<td style="font-family: Avenir, Helvetica, sans-serif; box-sizing: border-box; color: #74787E; font-size: 15px; line-height: 18px; padding: 10px 0; margin: 0;">State</td>
<td style="font-family: Avenir, Helvetica, sans-serif; box-sizing: border-box; color: #74787E; font-size: 15px; line-height: 18px; padding: 10px 0; margin: 0; text-align: center;">Arkansas</td>
</tr>
<tr>
<td style="font-family: Avenir, Helvetica, sans-serif; box-sizing: border-box; color: #74787E; font-size: 15px; line-height: 18px; padding: 10px 0; margin: 0;">Zip</td>
<td style="font-family: Avenir, Helvetica, sans-serif; box-sizing: border-box; color: #74787E; font-size: 15px; line-height: 18px; padding: 10px 0; margin: 0; text-align: center;">12365</td>
</tr>
<tr>
<td style="font-family: Avenir, Helvetica, sans-serif; box-sizing: border-box; color: #74787E; font-size: 15px; line-height: 18px; padding: 10px 0; margin: 0;">Theme</td>
<td style="font-family: Avenir, Helvetica, sans-serif; box-sizing: border-box; color: #74787E; font-size: 15px; line-height: 18px; padding: 10px 0; margin: 0; text-align: center;">journal</td>
</tr>
</tbody>
</table>
</div>
<p style="font-family: Avenir, Helvetica, sans-serif; box-sizing: border-box; color: #74787E; font-size: 16px; line-height: 1.5em; margin-top: 0; text-align: left;">Thanks,<br>
Laravel</p>

                                        
                                    </td>
                                </tr>
</table>
</td>
                    </tr>
<tr>
<td style="font-family: Avenir, Helvetica, sans-serif; box-sizing: border-box;">
        <table class="footer" align="center" width="570" cellpadding="0" cellspacing="0" style="font-family: Avenir, Helvetica, sans-serif; box-sizing: border-box; margin: 0 auto; padding: 0; text-align: center; width: 570px; -premailer-cellpadding: 0; -premailer-cellspacing: 0; -premailer-width: 570px;"><tr>
<td class="content-cell" align="center" style="font-family: Avenir, Helvetica, sans-serif; box-sizing: border-box; padding: 35px;">
                    <p style="font-family: Avenir, Helvetica, sans-serif; box-sizing: border-box; line-height: 1.5em; margin-top: 0; color: #AEAEAE; font-size: 12px; text-align: center;">© 2017 Laravel. All rights reserved.</p>
                </td>
            </tr></table>
</td>
</tr>
</table>
</td>
        </tr></table>
</body>
</html>

Content-Type: text/plain; charset=utf-8
Content-Transfer-Encoding: quoted-printable

[Laravel](http://localhost)

# New Signup

 

 A new user has signed up for your service

 

 | Field         | Value         |

 | ------------- |:-------------:|

 | Fisrt Name    | Tavleen |

 | Last Name     | Kaur |

 | Email         | txkaur@earth.com |

 | Phone         | 4561239634 |

 | Address       | asdfhjkl |

 | City          | asdfqreq |

 | State         | Arkansas |

 | Zip           | 12365 |

 | Theme         | journal |
 

 Thanks,

 Laravel

© 2017 Laravel. All rights reserved.
  
[2017-10-24 17:06:02] local.ERROR: Call to undefined method App\Signup::ByEmail() {"exception":"[object] (BadMethodCallException(code: 0): Call to undefined method App\\Signup::ByEmail() at C:\\projects\\GetRealTLanding\\vendor\\laravel\\framework\\src\\Illuminate\\Database\\Eloquent\\Model.php:1419)
[stacktrace]
#0 C:\\projects\\GetRealTLanding\\vendor\\laravel\\framework\\src\\Illuminate\\Database\\Eloquent\\Model.php(1434): Illuminate\\Database\\Eloquent\\Model->__call('ByEmail', Array)
#1 C:\\projects\\GetRealTLanding\\app\\Http\\Controllers\\SignupController.php(57): Illuminate\\Database\\Eloquent\\Model::__callStatic('ByEmail', Array)
#2 [internal function]: App\\Http\\Controllers\\SignupController->uploadImage(Object(Illuminate\\Http\\Request))
#3 C:\\projects\\GetRealTLanding\\vendor\\laravel\\framework\\src\\Illuminate\\Routing\\Controller.php(54): call_user_func_array(Array, Array)
#4 C:\\projects\\GetRealTLanding\\vendor\\laravel\\framework\\src\\Illuminate\\Routing\\ControllerDispatcher.php(45): Illuminate\\Routing\\Controller->callAction('uploadImage', Array)
#5 C:\\projects\\GetRealTLanding\\vendor\\laravel\\framework\\src\\Illuminate\\Routing\\Route.php(212): Illuminate\\Routing\\ControllerDispatcher->dispatch(Object(Illuminate\\Routing\\Route), Object(App\\Http\\Controllers\\SignupController), 'uploadImage')
#6 C:\\projects\\GetRealTLanding\\vendor\\laravel\\framework\\src\\Illuminate\\Routing\\Route.php(169): Illuminate\\Routing\\Route->runController()
#7 C:\\projects\\GetRealTLanding\\vendor\\laravel\\framework\\src\\Illuminate\\Routing\\Router.php(645): Illuminate\\Routing\\Route->run()
#8 C:\\projects\\GetRealTLanding\\vendor\\laravel\\framework\\src\\Illuminate\\Routing\\Pipeline.php(30): Illuminate\\Routing\\Router->Illuminate\\Routing\\{closure}(Object(Illuminate\\Http\\Request))
#9 C:\\projects\\GetRealTLanding\\vendor\\laravel\\framework\\src\\Illuminate\\Routing\\Middleware\\SubstituteBindings.php(41): Illuminate\\Routing\\Pipeline->Illuminate\\Routing\\{closure}(Object(Illuminate\\Http\\Request))
#10 C:\\projects\\GetRealTLanding\\vendor\\laravel\\framework\\src\\Illuminate\\Pipeline\\Pipeline.php(149): Illuminate\\Routing\\Middleware\\SubstituteBindings->handle(Object(Illuminate\\Http\\Request), Object(Closure))
#11 C:\\projects\\GetRealTLanding\\vendor\\laravel\\framework\\src\\Illuminate\\Routing\\Pipeline.php(53): Illuminate\\Pipeline\\Pipeline->Illuminate\\Pipeline\\{closure}(Object(Illuminate\\Http\\Request))
#12 C:\\projects\\GetRealTLanding\\vendor\\laravel\\framework\\src\\Illuminate\\Routing\\Middleware\\ThrottleRequests.php(57): Illuminate\\Routing\\Pipeline->Illuminate\\Routing\\{closure}(Object(Illuminate\\Http\\Request))
#13 C:\\projects\\GetRealTLanding\\vendor\\laravel\\framework\\src\\Illuminate\\Pipeline\\Pipeline.php(149): Illuminate\\Routing\\Middleware\\ThrottleRequests->handle(Object(Illuminate\\Http\\Request), Object(Closure), 60, '1')
#14 C:\\projects\\GetRealTLanding\\vendor\\laravel\\framework\\src\\Illuminate\\Routing\\Pipeline.php(53): Illuminate\\Pipeline\\Pipeline->Illuminate\\Pipeline\\{closure}(Object(Illuminate\\Http\\Request))
#15 C:\\projects\\GetRealTLanding\\vendor\\laravel\\framework\\src\\Illuminate\\Pipeline\\Pipeline.php(102): Illuminate\\Routing\\Pipeline->Illuminate\\Routing\\{closure}(Object(Illuminate\\Http\\Request))
#16 C:\\projects\\GetRealTLanding\\vendor\\laravel\\framework\\src\\Illuminate\\Routing\\Router.php(647): Illuminate\\Pipeline\\Pipeline->then(Object(Closure))
#17 C:\\projects\\GetRealTLanding\\vendor\\laravel\\framework\\src\\Illuminate\\Routing\\Router.php(622): Illuminate\\Routing\\Router->runRouteWithinStack(Object(Illuminate\\Routing\\Route), Object(Illuminate\\Http\\Request))
#18 C:\\projects\\GetRealTLanding\\vendor\\laravel\\framework\\src\\Illuminate\\Routing\\Router.php(588): Illuminate\\Routing\\Router->runRoute(Object(Illuminate\\Http\\Request), Object(Illuminate\\Routing\\Route))
#19 C:\\projects\\GetRealTLanding\\vendor\\laravel\\framework\\src\\Illuminate\\Routing\\Router.php(577): Illuminate\\Routing\\Router->dispatchToRoute(Object(Illuminate\\Http\\Request))
#20 C:\\projects\\GetRealTLanding\\vendor\\laravel\\framework\\src\\Illuminate\\Foundation\\Http\\Kernel.php(176): Illuminate\\Routing\\Router->dispatch(Object(Illuminate\\Http\\Request))
#21 C:\\projects\\GetRealTLanding\\vendor\\laravel\\framework\\src\\Illuminate\\Routing\\Pipeline.php(30): Illuminate\\Foundation\\Http\\Kernel->Illuminate\\Foundation\\Http\\{closure}(Object(Illuminate\\Http\\Request))
#22 C:\\projects\\GetRealTLanding\\vendor\\fideloper\\proxy\\src\\TrustProxies.php(56): Illuminate\\Routing\\Pipeline->Illuminate\\Routing\\{closure}(Object(Illuminate\\Http\\Request))
#23 C:\\projects\\GetRealTLanding\\vendor\\laravel\\framework\\src\\Illuminate\\Pipeline\\Pipeline.php(149): Fideloper\\Proxy\\TrustProxies->handle(Object(Illuminate\\Http\\Request), Object(Closure))
#24 C:\\projects\\GetRealTLanding\\vendor\\laravel\\framework\\src\\Illuminate\\Routing\\Pipeline.php(53): Illuminate\\Pipeline\\Pipeline->Illuminate\\Pipeline\\{closure}(Object(Illuminate\\Http\\Request))
#25 C:\\projects\\GetRealTLanding\\vendor\\laravel\\framework\\src\\Illuminate\\Foundation\\Http\\Middleware\\TransformsRequest.php(30): Illuminate\\Routing\\Pipeline->Illuminate\\Routing\\{closure}(Object(Illuminate\\Http\\Request))
#26 C:\\projects\\GetRealTLanding\\vendor\\laravel\\framework\\src\\Illuminate\\Pipeline\\Pipeline.php(149): Illuminate\\Foundation\\Http\\Middleware\\TransformsRequest->handle(Object(Illuminate\\Http\\Request), Object(Closure))
#27 C:\\projects\\GetRealTLanding\\vendor\\laravel\\framework\\src\\Illuminate\\Routing\\Pipeline.php(53): Illuminate\\Pipeline\\Pipeline->Illuminate\\Pipeline\\{closure}(Object(Illuminate\\Http\\Request))
#28 C:\\projects\\GetRealTLanding\\vendor\\laravel\\framework\\src\\Illuminate\\Foundation\\Http\\Middleware\\TransformsRequest.php(30): Illuminate\\Routing\\Pipeline->Illuminate\\Routing\\{closure}(Object(Illuminate\\Http\\Request))
#29 C:\\projects\\GetRealTLanding\\vendor\\laravel\\framework\\src\\Illuminate\\Pipeline\\Pipeline.php(149): Illuminate\\Foundation\\Http\\Middleware\\TransformsRequest->handle(Object(Illuminate\\Http\\Request), Object(Closure))
#30 C:\\projects\\GetRealTLanding\\vendor\\laravel\\framework\\src\\Illuminate\\Routing\\Pipeline.php(53): Illuminate\\Pipeline\\Pipeline->Illuminate\\Pipeline\\{closure}(Object(Illuminate\\Http\\Request))
#31 C:\\projects\\GetRealTLanding\\vendor\\laravel\\framework\\src\\Illuminate\\Foundation\\Http\\Middleware\\ValidatePostSize.php(27): Illuminate\\Routing\\Pipeline->Illuminate\\Routing\\{closure}(Object(Illuminate\\Http\\Request))
#32 C:\\projects\\GetRealTLanding\\vendor\\laravel\\framework\\src\\Illuminate\\Pipeline\\Pipeline.php(149): Illuminate\\Foundation\\Http\\Middleware\\ValidatePostSize->handle(Object(Illuminate\\Http\\Request), Object(Closure))
#33 C:\\projects\\GetRealTLanding\\vendor\\laravel\\framework\\src\\Illuminate\\Routing\\Pipeline.php(53): Illuminate\\Pipeline\\Pipeline->Illuminate\\Pipeline\\{closure}(Object(Illuminate\\Http\\Request))
#34 C:\\projects\\GetRealTLanding\\vendor\\laravel\\framework\\src\\Illuminate\\Foundation\\Http\\Middleware\\CheckForMaintenanceMode.php(46): Illuminate\\Routing\\Pipeline->Illuminate\\Routing\\{closure}(Object(Illuminate\\Http\\Request))
#35 C:\\projects\\GetRealTLanding\\vendor\\laravel\\framework\\src\\Illuminate\\Pipeline\\Pipeline.php(149): Illuminate\\Foundation\\Http\\Middleware\\CheckForMaintenanceMode->handle(Object(Illuminate\\Http\\Request), Object(Closure))
#36 C:\\projects\\GetRealTLanding\\vendor\\laravel\\framework\\src\\Illuminate\\Routing\\Pipeline.php(53): Illuminate\\Pipeline\\Pipeline->Illuminate\\Pipeline\\{closure}(Object(Illuminate\\Http\\Request))
#37 C:\\projects\\GetRealTLanding\\vendor\\laravel\\framework\\src\\Illuminate\\Pipeline\\Pipeline.php(102): Illuminate\\Routing\\Pipeline->Illuminate\\Routing\\{closure}(Object(Illuminate\\Http\\Request))
#38 C:\\projects\\GetRealTLanding\\vendor\\laravel\\framework\\src\\Illuminate\\Foundation\\Http\\Kernel.php(151): Illuminate\\Pipeline\\Pipeline->then(Object(Closure))
#39 C:\\projects\\GetRealTLanding\\vendor\\laravel\\framework\\src\\Illuminate\\Foundation\\Http\\Kernel.php(116): Illuminate\\Foundation\\Http\\Kernel->sendRequestThroughRouter(Object(Illuminate\\Http\\Request))
#40 C:\\projects\\GetRealTLanding\\public\\index.php(55): Illuminate\\Foundation\\Http\\Kernel->handle(Object(Illuminate\\Http\\Request))
#41 {main}
"} 
[2017-10-24 17:11:56] local.DEBUG: Message-ID: <fb276be772c13202b0d7aa6beeb2246a@landing.dev>
Date: Tue, 24 Oct 2017 17:11:56 +0000
Subject: Signup Submitted
From: Example <hello@example.com>
To: me@earth.com
MIME-Version: 1.0
Content-Type: multipart/alternative;
 boundary="_=_swift_1508865116_2933c412383c2e32117f0a8cfd80bee7_=_"

<!DOCTYPE html PUBLIC "-//W3C//DTD XHTML 1.0 Transitional//EN" "http://www.w3.org/TR/xhtml1/DTD/xhtml1-transitional.dtd">
<html xmlns="http://www.w3.org/1999/xhtml">
<head>
<meta name="viewport" content="width=device-width, initial-scale=1.0">
<meta http-equiv="Content-Type" content="text/html; charset=UTF-8">
</head>
<body style="font-family: Avenir, Helvetica, sans-serif; box-sizing: border-box; background-color: #f5f8fa; color: #74787E; height: 100%; hyphens: auto; line-height: 1.4; margin: 0; -moz-hyphens: auto; -ms-word-break: break-all; width: 100% !important; -webkit-hyphens: auto; -webkit-text-size-adjust: none; word-break: break-word;">
    <style>
        @media  only screen and (max-width: 600px) {
            .inner-body {
                width: 100% !important;
            }

            .footer {
                width: 100% !important;
            }
        }

        @media  only screen and (max-width: 500px) {
            .button {
                width: 100% !important;
            }
        }
    </style>
<table class="wrapper" width="100%" cellpadding="0" cellspacing="0" style="font-family: Avenir, Helvetica, sans-serif; box-sizing: border-box; background-color: #f5f8fa; margin: 0; padding: 0; width: 100%; -premailer-cellpadding: 0; -premailer-cellspacing: 0; -premailer-width: 100%;"><tr>
<td align="center" style="font-family: Avenir, Helvetica, sans-serif; box-sizing: border-box;">
                <table class="content" width="100%" cellpadding="0" cellspacing="0" style="font-family: Avenir, Helvetica, sans-serif; box-sizing: border-box; margin: 0; padding: 0; width: 100%; -premailer-cellpadding: 0; -premailer-cellspacing: 0; -premailer-width: 100%;">
<tr>
<td class="header" style="font-family: Avenir, Helvetica, sans-serif; box-sizing: border-box; padding: 25px 0; text-align: center;">
        <a href="http://localhost" style="font-family: Avenir, Helvetica, sans-serif; box-sizing: border-box; color: #bbbfc3; font-size: 19px; font-weight: bold; text-decoration: none; text-shadow: 0 1px 0 white;">
            Laravel
        </a>
    </td>
</tr>
<!-- Email Body --><tr>
<td class="body" width="100%" cellpadding="0" cellspacing="0" style="font-family: Avenir, Helvetica, sans-serif; box-sizing: border-box; background-color: #FFFFFF; border-bottom: 1px solid #EDEFF2; border-top: 1px solid #EDEFF2; margin: 0; padding: 0; width: 100%; -premailer-cellpadding: 0; -premailer-cellspacing: 0; -premailer-width: 100%;">
                            <table class="inner-body" align="center" width="570" cellpadding="0" cellspacing="0" style="font-family: Avenir, Helvetica, sans-serif; box-sizing: border-box; background-color: #FFFFFF; margin: 0 auto; padding: 0; width: 570px; -premailer-cellpadding: 0; -premailer-cellspacing: 0; -premailer-width: 570px;">
<!-- Body content --><tr>
<td class="content-cell" style="font-family: Avenir, Helvetica, sans-serif; box-sizing: border-box; padding: 35px;">
                                        <h1 style="font-family: Avenir, Helvetica, sans-serif; box-sizing: border-box; color: #2F3133; font-size: 19px; font-weight: bold; margin-top: 0; text-align: left;">New Signup</h1>
<p style="font-family: Avenir, Helvetica, sans-serif; box-sizing: border-box; color: #74787E; font-size: 16px; line-height: 1.5em; margin-top: 0; text-align: left;">A new user has signed up for your service</p>
<div class="table" style="font-family: Avenir, Helvetica, sans-serif; box-sizing: border-box;">
<table style="font-family: Avenir, Helvetica, sans-serif; box-sizing: border-box; margin: 30px auto; width: 100%; -premailer-cellpadding: 0; -premailer-cellspacing: 0; -premailer-width: 100%;">
<thead style="font-family: Avenir, Helvetica, sans-serif; box-sizing: border-box;"><tr>
<th style="font-family: Avenir, Helvetica, sans-serif; box-sizing: border-box; border-bottom: 1px solid #EDEFF2; padding-bottom: 8px; margin: 0;">Field</th>
<th style="font-family: Avenir, Helvetica, sans-serif; box-sizing: border-box; border-bottom: 1px solid #EDEFF2; padding-bottom: 8px; margin: 0; text-align: center;">Value</th>
</tr></thead>
<tbody style="font-family: Avenir, Helvetica, sans-serif; box-sizing: border-box;">
<tr>
<td style="font-family: Avenir, Helvetica, sans-serif; box-sizing: border-box; color: #74787E; font-size: 15px; line-height: 18px; padding: 10px 0; margin: 0;">Fisrt Name</td>
<td style="font-family: Avenir, Helvetica, sans-serif; box-sizing: border-box; color: #74787E; font-size: 15px; line-height: 18px; padding: 10px 0; margin: 0; text-align: center;">Tavleen</td>
</tr>
<tr>
<td style="font-family: Avenir, Helvetica, sans-serif; box-sizing: border-box; color: #74787E; font-size: 15px; line-height: 18px; padding: 10px 0; margin: 0;">Last Name</td>
<td style="font-family: Avenir, Helvetica, sans-serif; box-sizing: border-box; color: #74787E; font-size: 15px; line-height: 18px; padding: 10px 0; margin: 0; text-align: center;">Kaur</td>
</tr>
<tr>
<td style="font-family: Avenir, Helvetica, sans-serif; box-sizing: border-box; color: #74787E; font-size: 15px; line-height: 18px; padding: 10px 0; margin: 0;">Email</td>
<td style="font-family: Avenir, Helvetica, sans-serif; box-sizing: border-box; color: #74787E; font-size: 15px; line-height: 18px; padding: 10px 0; margin: 0; text-align: center;">me@gmail.com</td>
</tr>
<tr>
<td style="font-family: Avenir, Helvetica, sans-serif; box-sizing: border-box; color: #74787E; font-size: 15px; line-height: 18px; padding: 10px 0; margin: 0;">Phone</td>
<td style="font-family: Avenir, Helvetica, sans-serif; box-sizing: border-box; color: #74787E; font-size: 15px; line-height: 18px; padding: 10px 0; margin: 0; text-align: center;">12365489</td>
</tr>
<tr>
<td style="font-family: Avenir, Helvetica, sans-serif; box-sizing: border-box; color: #74787E; font-size: 15px; line-height: 18px; padding: 10px 0; margin: 0;">Address</td>
<td style="font-family: Avenir, Helvetica, sans-serif; box-sizing: border-box; color: #74787E; font-size: 15px; line-height: 18px; padding: 10px 0; margin: 0; text-align: center;">adsfhashdhk</td>
</tr>
<tr>
<td style="font-family: Avenir, Helvetica, sans-serif; box-sizing: border-box; color: #74787E; font-size: 15px; line-height: 18px; padding: 10px 0; margin: 0;">City</td>
<td style="font-family: Avenir, Helvetica, sans-serif; box-sizing: border-box; color: #74787E; font-size: 15px; line-height: 18px; padding: 10px 0; margin: 0; text-align: center;">sdahhsadkhh</td>
</tr>
<tr>
<td style="font-family: Avenir, Helvetica, sans-serif; box-sizing: border-box; color: #74787E; font-size: 15px; line-height: 18px; padding: 10px 0; margin: 0;">State</td>
<td style="font-family: Avenir, Helvetica, sans-serif; box-sizing: border-box; color: #74787E; font-size: 15px; line-height: 18px; padding: 10px 0; margin: 0; text-align: center;">Texas</td>
</tr>
<tr>
<td style="font-family: Avenir, Helvetica, sans-serif; box-sizing: border-box; color: #74787E; font-size: 15px; line-height: 18px; padding: 10px 0; margin: 0;">Zip</td>
<td style="font-family: Avenir, Helvetica, sans-serif; box-sizing: border-box; color: #74787E; font-size: 15px; line-height: 18px; padding: 10px 0; margin: 0; text-align: center;">12365</td>
</tr>
<tr>
<td style="font-family: Avenir, Helvetica, sans-serif; box-sizing: border-box; color: #74787E; font-size: 15px; line-height: 18px; padding: 10px 0; margin: 0;">Theme</td>
<td style="font-family: Avenir, Helvetica, sans-serif; box-sizing: border-box; color: #74787E; font-size: 15px; line-height: 18px; padding: 10px 0; margin: 0; text-align: center;">journal</td>
</tr>
</tbody>
</table>
</div>
<p style="font-family: Avenir, Helvetica, sans-serif; box-sizing: border-box; color: #74787E; font-size: 16px; line-height: 1.5em; margin-top: 0; text-align: left;">Thanks,<br>
Laravel</p>

                                        
                                    </td>
                                </tr>
</table>
</td>
                    </tr>
<tr>
<td style="font-family: Avenir, Helvetica, sans-serif; box-sizing: border-box;">
        <table class="footer" align="center" width="570" cellpadding="0" cellspacing="0" style="font-family: Avenir, Helvetica, sans-serif; box-sizing: border-box; margin: 0 auto; padding: 0; text-align: center; width: 570px; -premailer-cellpadding: 0; -premailer-cellspacing: 0; -premailer-width: 570px;"><tr>
<td class="content-cell" align="center" style="font-family: Avenir, Helvetica, sans-serif; box-sizing: border-box; padding: 35px;">
                    <p style="font-family: Avenir, Helvetica, sans-serif; box-sizing: border-box; line-height: 1.5em; margin-top: 0; color: #AEAEAE; font-size: 12px; text-align: center;">© 2017 Laravel. All rights reserved.</p>
                </td>
            </tr></table>
</td>
</tr>
</table>
</td>
        </tr></table>
</body>
</html>

Content-Type: text/plain; charset=utf-8
Content-Transfer-Encoding: quoted-printable

[Laravel](http://localhost)

# New Signup

 

 A new user has signed up for your service

 

 | Field         | Value         |

 | ------------- |:-------------:|

 | Fisrt Name    | Tavleen |

 | Last Name     | Kaur |

 | Email         | me@gmail.com |

 | Phone         | 12365489 |

 | Address       | adsfhashdhk |

 | City          | sdahhsadkhh |

 | State         | Texas |

 | Zip           | 12365 |

 | Theme         | journal |
 

 Thanks,

 Laravel

© 2017 Laravel. All rights reserved.
  
[2017-10-24 17:12:07] local.ERROR: Call to undefined method App\Signup::ByEmail() {"exception":"[object] (BadMethodCallException(code: 0): Call to undefined method App\\Signup::ByEmail() at C:\\projects\\GetRealTLanding\\vendor\\laravel\\framework\\src\\Illuminate\\Database\\Eloquent\\Model.php:1419)
[stacktrace]
#0 C:\\projects\\GetRealTLanding\\vendor\\laravel\\framework\\src\\Illuminate\\Database\\Eloquent\\Model.php(1434): Illuminate\\Database\\Eloquent\\Model->__call('ByEmail', Array)
#1 C:\\projects\\GetRealTLanding\\app\\Http\\Controllers\\SignupController.php(57): Illuminate\\Database\\Eloquent\\Model::__callStatic('ByEmail', Array)
#2 [internal function]: App\\Http\\Controllers\\SignupController->uploadImage(Object(Illuminate\\Http\\Request))
#3 C:\\projects\\GetRealTLanding\\vendor\\laravel\\framework\\src\\Illuminate\\Routing\\Controller.php(54): call_user_func_array(Array, Array)
#4 C:\\projects\\GetRealTLanding\\vendor\\laravel\\framework\\src\\Illuminate\\Routing\\ControllerDispatcher.php(45): Illuminate\\Routing\\Controller->callAction('uploadImage', Array)
#5 C:\\projects\\GetRealTLanding\\vendor\\laravel\\framework\\src\\Illuminate\\Routing\\Route.php(212): Illuminate\\Routing\\ControllerDispatcher->dispatch(Object(Illuminate\\Routing\\Route), Object(App\\Http\\Controllers\\SignupController), 'uploadImage')
#6 C:\\projects\\GetRealTLanding\\vendor\\laravel\\framework\\src\\Illuminate\\Routing\\Route.php(169): Illuminate\\Routing\\Route->runController()
#7 C:\\projects\\GetRealTLanding\\vendor\\laravel\\framework\\src\\Illuminate\\Routing\\Router.php(645): Illuminate\\Routing\\Route->run()
#8 C:\\projects\\GetRealTLanding\\vendor\\laravel\\framework\\src\\Illuminate\\Routing\\Pipeline.php(30): Illuminate\\Routing\\Router->Illuminate\\Routing\\{closure}(Object(Illuminate\\Http\\Request))
#9 C:\\projects\\GetRealTLanding\\vendor\\laravel\\framework\\src\\Illuminate\\Routing\\Middleware\\SubstituteBindings.php(41): Illuminate\\Routing\\Pipeline->Illuminate\\Routing\\{closure}(Object(Illuminate\\Http\\Request))
#10 C:\\projects\\GetRealTLanding\\vendor\\laravel\\framework\\src\\Illuminate\\Pipeline\\Pipeline.php(149): Illuminate\\Routing\\Middleware\\SubstituteBindings->handle(Object(Illuminate\\Http\\Request), Object(Closure))
#11 C:\\projects\\GetRealTLanding\\vendor\\laravel\\framework\\src\\Illuminate\\Routing\\Pipeline.php(53): Illuminate\\Pipeline\\Pipeline->Illuminate\\Pipeline\\{closure}(Object(Illuminate\\Http\\Request))
#12 C:\\projects\\GetRealTLanding\\vendor\\laravel\\framework\\src\\Illuminate\\Routing\\Middleware\\ThrottleRequests.php(57): Illuminate\\Routing\\Pipeline->Illuminate\\Routing\\{closure}(Object(Illuminate\\Http\\Request))
#13 C:\\projects\\GetRealTLanding\\vendor\\laravel\\framework\\src\\Illuminate\\Pipeline\\Pipeline.php(149): Illuminate\\Routing\\Middleware\\ThrottleRequests->handle(Object(Illuminate\\Http\\Request), Object(Closure), 60, '1')
#14 C:\\projects\\GetRealTLanding\\vendor\\laravel\\framework\\src\\Illuminate\\Routing\\Pipeline.php(53): Illuminate\\Pipeline\\Pipeline->Illuminate\\Pipeline\\{closure}(Object(Illuminate\\Http\\Request))
#15 C:\\projects\\GetRealTLanding\\vendor\\laravel\\framework\\src\\Illuminate\\Pipeline\\Pipeline.php(102): Illuminate\\Routing\\Pipeline->Illuminate\\Routing\\{closure}(Object(Illuminate\\Http\\Request))
#16 C:\\projects\\GetRealTLanding\\vendor\\laravel\\framework\\src\\Illuminate\\Routing\\Router.php(647): Illuminate\\Pipeline\\Pipeline->then(Object(Closure))
#17 C:\\projects\\GetRealTLanding\\vendor\\laravel\\framework\\src\\Illuminate\\Routing\\Router.php(622): Illuminate\\Routing\\Router->runRouteWithinStack(Object(Illuminate\\Routing\\Route), Object(Illuminate\\Http\\Request))
#18 C:\\projects\\GetRealTLanding\\vendor\\laravel\\framework\\src\\Illuminate\\Routing\\Router.php(588): Illuminate\\Routing\\Router->runRoute(Object(Illuminate\\Http\\Request), Object(Illuminate\\Routing\\Route))
#19 C:\\projects\\GetRealTLanding\\vendor\\laravel\\framework\\src\\Illuminate\\Routing\\Router.php(577): Illuminate\\Routing\\Router->dispatchToRoute(Object(Illuminate\\Http\\Request))
#20 C:\\projects\\GetRealTLanding\\vendor\\laravel\\framework\\src\\Illuminate\\Foundation\\Http\\Kernel.php(176): Illuminate\\Routing\\Router->dispatch(Object(Illuminate\\Http\\Request))
#21 C:\\projects\\GetRealTLanding\\vendor\\laravel\\framework\\src\\Illuminate\\Routing\\Pipeline.php(30): Illuminate\\Foundation\\Http\\Kernel->Illuminate\\Foundation\\Http\\{closure}(Object(Illuminate\\Http\\Request))
#22 C:\\projects\\GetRealTLanding\\vendor\\fideloper\\proxy\\src\\TrustProxies.php(56): Illuminate\\Routing\\Pipeline->Illuminate\\Routing\\{closure}(Object(Illuminate\\Http\\Request))
#23 C:\\projects\\GetRealTLanding\\vendor\\laravel\\framework\\src\\Illuminate\\Pipeline\\Pipeline.php(149): Fideloper\\Proxy\\TrustProxies->handle(Object(Illuminate\\Http\\Request), Object(Closure))
#24 C:\\projects\\GetRealTLanding\\vendor\\laravel\\framework\\src\\Illuminate\\Routing\\Pipeline.php(53): Illuminate\\Pipeline\\Pipeline->Illuminate\\Pipeline\\{closure}(Object(Illuminate\\Http\\Request))
#25 C:\\projects\\GetRealTLanding\\vendor\\laravel\\framework\\src\\Illuminate\\Foundation\\Http\\Middleware\\TransformsRequest.php(30): Illuminate\\Routing\\Pipeline->Illuminate\\Routing\\{closure}(Object(Illuminate\\Http\\Request))
#26 C:\\projects\\GetRealTLanding\\vendor\\laravel\\framework\\src\\Illuminate\\Pipeline\\Pipeline.php(149): Illuminate\\Foundation\\Http\\Middleware\\TransformsRequest->handle(Object(Illuminate\\Http\\Request), Object(Closure))
#27 C:\\projects\\GetRealTLanding\\vendor\\laravel\\framework\\src\\Illuminate\\Routing\\Pipeline.php(53): Illuminate\\Pipeline\\Pipeline->Illuminate\\Pipeline\\{closure}(Object(Illuminate\\Http\\Request))
#28 C:\\projects\\GetRealTLanding\\vendor\\laravel\\framework\\src\\Illuminate\\Foundation\\Http\\Middleware\\TransformsRequest.php(30): Illuminate\\Routing\\Pipeline->Illuminate\\Routing\\{closure}(Object(Illuminate\\Http\\Request))
#29 C:\\projects\\GetRealTLanding\\vendor\\laravel\\framework\\src\\Illuminate\\Pipeline\\Pipeline.php(149): Illuminate\\Foundation\\Http\\Middleware\\TransformsRequest->handle(Object(Illuminate\\Http\\Request), Object(Closure))
#30 C:\\projects\\GetRealTLanding\\vendor\\laravel\\framework\\src\\Illuminate\\Routing\\Pipeline.php(53): Illuminate\\Pipeline\\Pipeline->Illuminate\\Pipeline\\{closure}(Object(Illuminate\\Http\\Request))
#31 C:\\projects\\GetRealTLanding\\vendor\\laravel\\framework\\src\\Illuminate\\Foundation\\Http\\Middleware\\ValidatePostSize.php(27): Illuminate\\Routing\\Pipeline->Illuminate\\Routing\\{closure}(Object(Illuminate\\Http\\Request))
#32 C:\\projects\\GetRealTLanding\\vendor\\laravel\\framework\\src\\Illuminate\\Pipeline\\Pipeline.php(149): Illuminate\\Foundation\\Http\\Middleware\\ValidatePostSize->handle(Object(Illuminate\\Http\\Request), Object(Closure))
#33 C:\\projects\\GetRealTLanding\\vendor\\laravel\\framework\\src\\Illuminate\\Routing\\Pipeline.php(53): Illuminate\\Pipeline\\Pipeline->Illuminate\\Pipeline\\{closure}(Object(Illuminate\\Http\\Request))
#34 C:\\projects\\GetRealTLanding\\vendor\\laravel\\framework\\src\\Illuminate\\Foundation\\Http\\Middleware\\CheckForMaintenanceMode.php(46): Illuminate\\Routing\\Pipeline->Illuminate\\Routing\\{closure}(Object(Illuminate\\Http\\Request))
#35 C:\\projects\\GetRealTLanding\\vendor\\laravel\\framework\\src\\Illuminate\\Pipeline\\Pipeline.php(149): Illuminate\\Foundation\\Http\\Middleware\\CheckForMaintenanceMode->handle(Object(Illuminate\\Http\\Request), Object(Closure))
#36 C:\\projects\\GetRealTLanding\\vendor\\laravel\\framework\\src\\Illuminate\\Routing\\Pipeline.php(53): Illuminate\\Pipeline\\Pipeline->Illuminate\\Pipeline\\{closure}(Object(Illuminate\\Http\\Request))
#37 C:\\projects\\GetRealTLanding\\vendor\\laravel\\framework\\src\\Illuminate\\Pipeline\\Pipeline.php(102): Illuminate\\Routing\\Pipeline->Illuminate\\Routing\\{closure}(Object(Illuminate\\Http\\Request))
#38 C:\\projects\\GetRealTLanding\\vendor\\laravel\\framework\\src\\Illuminate\\Foundation\\Http\\Kernel.php(151): Illuminate\\Pipeline\\Pipeline->then(Object(Closure))
#39 C:\\projects\\GetRealTLanding\\vendor\\laravel\\framework\\src\\Illuminate\\Foundation\\Http\\Kernel.php(116): Illuminate\\Foundation\\Http\\Kernel->sendRequestThroughRouter(Object(Illuminate\\Http\\Request))
#40 C:\\projects\\GetRealTLanding\\public\\index.php(55): Illuminate\\Foundation\\Http\\Kernel->handle(Object(Illuminate\\Http\\Request))
#41 {main}
"} 
[2017-10-24 17:32:49] local.DEBUG: Message-ID: <0b4add20b9ce97d979f3c4f25a04939e@landing.dev>
Date: Tue, 24 Oct 2017 17:32:49 +0000
Subject: Signup Submitted
From: Example <hello@example.com>
To: me@earth.com
MIME-Version: 1.0
Content-Type: multipart/alternative;
 boundary="_=_swift_1508866369_432ff9a778ce3097d7e865be691f5a7a_=_"

<!DOCTYPE html PUBLIC "-//W3C//DTD XHTML 1.0 Transitional//EN" "http://www.w3.org/TR/xhtml1/DTD/xhtml1-transitional.dtd">
<html xmlns="http://www.w3.org/1999/xhtml">
<head>
<meta name="viewport" content="width=device-width, initial-scale=1.0">
<meta http-equiv="Content-Type" content="text/html; charset=UTF-8">
</head>
<body style="font-family: Avenir, Helvetica, sans-serif; box-sizing: border-box; background-color: #f5f8fa; color: #74787E; height: 100%; hyphens: auto; line-height: 1.4; margin: 0; -moz-hyphens: auto; -ms-word-break: break-all; width: 100% !important; -webkit-hyphens: auto; -webkit-text-size-adjust: none; word-break: break-word;">
    <style>
        @media  only screen and (max-width: 600px) {
            .inner-body {
                width: 100% !important;
            }

            .footer {
                width: 100% !important;
            }
        }

        @media  only screen and (max-width: 500px) {
            .button {
                width: 100% !important;
            }
        }
    </style>
<table class="wrapper" width="100%" cellpadding="0" cellspacing="0" style="font-family: Avenir, Helvetica, sans-serif; box-sizing: border-box; background-color: #f5f8fa; margin: 0; padding: 0; width: 100%; -premailer-cellpadding: 0; -premailer-cellspacing: 0; -premailer-width: 100%;"><tr>
<td align="center" style="font-family: Avenir, Helvetica, sans-serif; box-sizing: border-box;">
                <table class="content" width="100%" cellpadding="0" cellspacing="0" style="font-family: Avenir, Helvetica, sans-serif; box-sizing: border-box; margin: 0; padding: 0; width: 100%; -premailer-cellpadding: 0; -premailer-cellspacing: 0; -premailer-width: 100%;">
<tr>
<td class="header" style="font-family: Avenir, Helvetica, sans-serif; box-sizing: border-box; padding: 25px 0; text-align: center;">
        <a href="http://localhost" style="font-family: Avenir, Helvetica, sans-serif; box-sizing: border-box; color: #bbbfc3; font-size: 19px; font-weight: bold; text-decoration: none; text-shadow: 0 1px 0 white;">
            Laravel
        </a>
    </td>
</tr>
<!-- Email Body --><tr>
<td class="body" width="100%" cellpadding="0" cellspacing="0" style="font-family: Avenir, Helvetica, sans-serif; box-sizing: border-box; background-color: #FFFFFF; border-bottom: 1px solid #EDEFF2; border-top: 1px solid #EDEFF2; margin: 0; padding: 0; width: 100%; -premailer-cellpadding: 0; -premailer-cellspacing: 0; -premailer-width: 100%;">
                            <table class="inner-body" align="center" width="570" cellpadding="0" cellspacing="0" style="font-family: Avenir, Helvetica, sans-serif; box-sizing: border-box; background-color: #FFFFFF; margin: 0 auto; padding: 0; width: 570px; -premailer-cellpadding: 0; -premailer-cellspacing: 0; -premailer-width: 570px;">
<!-- Body content --><tr>
<td class="content-cell" style="font-family: Avenir, Helvetica, sans-serif; box-sizing: border-box; padding: 35px;">
                                        <h1 style="font-family: Avenir, Helvetica, sans-serif; box-sizing: border-box; color: #2F3133; font-size: 19px; font-weight: bold; margin-top: 0; text-align: left;">New Signup</h1>
<p style="font-family: Avenir, Helvetica, sans-serif; box-sizing: border-box; color: #74787E; font-size: 16px; line-height: 1.5em; margin-top: 0; text-align: left;">A new user has signed up for your service</p>
<div class="table" style="font-family: Avenir, Helvetica, sans-serif; box-sizing: border-box;">
<table style="font-family: Avenir, Helvetica, sans-serif; box-sizing: border-box; margin: 30px auto; width: 100%; -premailer-cellpadding: 0; -premailer-cellspacing: 0; -premailer-width: 100%;">
<thead style="font-family: Avenir, Helvetica, sans-serif; box-sizing: border-box;"><tr>
<th style="font-family: Avenir, Helvetica, sans-serif; box-sizing: border-box; border-bottom: 1px solid #EDEFF2; padding-bottom: 8px; margin: 0;">Field</th>
<th style="font-family: Avenir, Helvetica, sans-serif; box-sizing: border-box; border-bottom: 1px solid #EDEFF2; padding-bottom: 8px; margin: 0; text-align: center;">Value</th>
</tr></thead>
<tbody style="font-family: Avenir, Helvetica, sans-serif; box-sizing: border-box;">
<tr>
<td style="font-family: Avenir, Helvetica, sans-serif; box-sizing: border-box; color: #74787E; font-size: 15px; line-height: 18px; padding: 10px 0; margin: 0;">Fisrt Name</td>
<td style="font-family: Avenir, Helvetica, sans-serif; box-sizing: border-box; color: #74787E; font-size: 15px; line-height: 18px; padding: 10px 0; margin: 0; text-align: center;">Tavleen</td>
</tr>
<tr>
<td style="font-family: Avenir, Helvetica, sans-serif; box-sizing: border-box; color: #74787E; font-size: 15px; line-height: 18px; padding: 10px 0; margin: 0;">Last Name</td>
<td style="font-family: Avenir, Helvetica, sans-serif; box-sizing: border-box; color: #74787E; font-size: 15px; line-height: 18px; padding: 10px 0; margin: 0; text-align: center;">Kaur</td>
</tr>
<tr>
<td style="font-family: Avenir, Helvetica, sans-serif; box-sizing: border-box; color: #74787E; font-size: 15px; line-height: 18px; padding: 10px 0; margin: 0;">Email</td>
<td style="font-family: Avenir, Helvetica, sans-serif; box-sizing: border-box; color: #74787E; font-size: 15px; line-height: 18px; padding: 10px 0; margin: 0; text-align: center;">asdgjgfkkglg@gmail.com</td>
</tr>
<tr>
<td style="font-family: Avenir, Helvetica, sans-serif; box-sizing: border-box; color: #74787E; font-size: 15px; line-height: 18px; padding: 10px 0; margin: 0;">Phone</td>
<td style="font-family: Avenir, Helvetica, sans-serif; box-sizing: border-box; color: #74787E; font-size: 15px; line-height: 18px; padding: 10px 0; margin: 0; text-align: center;">1234567896</td>
</tr>
<tr>
<td style="font-family: Avenir, Helvetica, sans-serif; box-sizing: border-box; color: #74787E; font-size: 15px; line-height: 18px; padding: 10px 0; margin: 0;">Address</td>
<td style="font-family: Avenir, Helvetica, sans-serif; box-sizing: border-box; color: #74787E; font-size: 15px; line-height: 18px; padding: 10px 0; margin: 0; text-align: center;">mlkjhy</td>
</tr>
<tr>
<td style="font-family: Avenir, Helvetica, sans-serif; box-sizing: border-box; color: #74787E; font-size: 15px; line-height: 18px; padding: 10px 0; margin: 0;">City</td>
<td style="font-family: Avenir, Helvetica, sans-serif; box-sizing: border-box; color: #74787E; font-size: 15px; line-height: 18px; padding: 10px 0; margin: 0; text-align: center;">diphu</td>
</tr>
<tr>
<td style="font-family: Avenir, Helvetica, sans-serif; box-sizing: border-box; color: #74787E; font-size: 15px; line-height: 18px; padding: 10px 0; margin: 0;">State</td>
<td style="font-family: Avenir, Helvetica, sans-serif; box-sizing: border-box; color: #74787E; font-size: 15px; line-height: 18px; padding: 10px 0; margin: 0; text-align: center;">Texas</td>
</tr>
<tr>
<td style="font-family: Avenir, Helvetica, sans-serif; box-sizing: border-box; color: #74787E; font-size: 15px; line-height: 18px; padding: 10px 0; margin: 0;">Zip</td>
<td style="font-family: Avenir, Helvetica, sans-serif; box-sizing: border-box; color: #74787E; font-size: 15px; line-height: 18px; padding: 10px 0; margin: 0; text-align: center;">12356</td>
</tr>
<tr>
<td style="font-family: Avenir, Helvetica, sans-serif; box-sizing: border-box; color: #74787E; font-size: 15px; line-height: 18px; padding: 10px 0; margin: 0;">Theme</td>
<td style="font-family: Avenir, Helvetica, sans-serif; box-sizing: border-box; color: #74787E; font-size: 15px; line-height: 18px; padding: 10px 0; margin: 0; text-align: center;">slate</td>
</tr>
</tbody>
</table>
</div>
<p style="font-family: Avenir, Helvetica, sans-serif; box-sizing: border-box; color: #74787E; font-size: 16px; line-height: 1.5em; margin-top: 0; text-align: left;">Thanks,<br>
Laravel</p>

                                        
                                    </td>
                                </tr>
</table>
</td>
                    </tr>
<tr>
<td style="font-family: Avenir, Helvetica, sans-serif; box-sizing: border-box;">
        <table class="footer" align="center" width="570" cellpadding="0" cellspacing="0" style="font-family: Avenir, Helvetica, sans-serif; box-sizing: border-box; margin: 0 auto; padding: 0; text-align: center; width: 570px; -premailer-cellpadding: 0; -premailer-cellspacing: 0; -premailer-width: 570px;"><tr>
<td class="content-cell" align="center" style="font-family: Avenir, Helvetica, sans-serif; box-sizing: border-box; padding: 35px;">
                    <p style="font-family: Avenir, Helvetica, sans-serif; box-sizing: border-box; line-height: 1.5em; margin-top: 0; color: #AEAEAE; font-size: 12px; text-align: center;">© 2017 Laravel. All rights reserved.</p>
                </td>
            </tr></table>
</td>
</tr>
</table>
</td>
        </tr></table>
</body>
</html>

Content-Type: text/plain; charset=utf-8
Content-Transfer-Encoding: quoted-printable

[Laravel](http://localhost)

# New Signup

 

 A new user has signed up for your service

 

 | Field         | Value         |

 | ------------- |:-------------:|

 | Fisrt Name    | Tavleen |

 | Last Name     | Kaur |

 | Email         | asdgjgfkkglg@gmail.com |

 | Phone         | 1234567896 |

 | Address       | mlkjhy |

 | City          | diphu |

 | State         | Texas |

 | Zip           | 12356 |

 | Theme         | slate |
 

 Thanks,

 Laravel

© 2017 Laravel. All rights reserved.
  
